<?xml version="1.0" encoding="UTF-8"?><testsuite errors="1" failures="0" name="com.features.search.CheckElementsTest" skipped="0" tests="1" time="0.14" timestamp="2016-01-08 04:17:21"><testcase classname="com.features.search.CheckElementsTest" name="Check male and female radio button"><error type="java.lang.NullPointerException"/><system-err>null&#13;
com.steps.serenity.CheckRadioButtonSteps.clickFemale(CheckRadioButtonSteps.java:20)&#13;
com.features.search.CheckElementsTest.check_male_and_female_radio_button(CheckElementsTest.java:29)&#13;
org.eclipse.jdt.internal.junit4.runner.JUnit4TestReference.run(JUnit4TestReference.java:86)&#13;
org.eclipse.jdt.internal.junit.runner.TestExecution.run(TestExecution.java:38)&#13;
org.eclipse.jdt.internal.junit.runner.RemoteTestRunner.runTests(RemoteTestRunner.java:459)&#13;
org.eclipse.jdt.internal.junit.runner.RemoteTestRunner.runTests(RemoteTestRunner.java:675)&#13;
org.eclipse.jdt.internal.junit.runner.RemoteTestRunner.run(RemoteTestRunner.java:382)&#13;
org.eclipse.jdt.internal.junit.runner.RemoteTestRunner.main(RemoteTestRunner.java:192)&#13;
</system-err></testcase></testsuite>