<?xml version="1.0" encoding="UTF-8"?><testsuite errors="0" failures="0" name="com.features.search.SearchByKeywordStory" skipped="1" tests="3" time="12.26" timestamp="2016-01-08 02:18:37"><testcase classname="com.features.search.SearchByKeywordStory" name="Searching by keyword banana should display the corresponding article"/><testcase classname="com.features.search.SearchByKeywordStory" name="Searching by ambiguious keyword should display the disambiguation page"><skipped/></testcase><testcase classname="com.features.search.SearchByKeywordStory" name="Searching by keyword apple should display the corresponding article"/></testsuite>